2023-11-09T11:40:56+00:00 ERROR API error: Array
(
    [url] => https://api-m.paypal.com/v2/checkout/orders
    [method] => POST
    [http_status] => 422
    [request] => PaymentPlugins\PayPalSDK\Order Object
(
    [_values:protected] => Array
        (
            [intent] => CAPTURE
            [payer] => PaymentPlugins\PayPalSDK\Payer Object
                (
                    [_values:protected] => Array
                        (
                            [name] => PaymentPlugins\PayPalSDK\Name Object
                                (
                                    [_values:protected] => Array
                                        (
                                            [given_name] => amr
                                            [surname] => hussien
                                        )

                                    [mappings:protected] => Array
                                        (
                                        )

                                    [index:PaymentPlugins\PayPalSDK\AbstractObject:private] => 
                                    [patchRequest:PaymentPlugins\PayPalSDK\AbstractObject:private] => 
                                )

                            [address] => PaymentPlugins\PayPalSDK\Address Object
                                (
                                    [_values:protected] => Array
                                        (
                                            [address_line_1] => 679
                                            [address_line_2] => 679
                                            [admin_area_1] => EGGZ
                                            [admin_area_2] => giza
                                            [postal_code] => 12345
                                            [country_code] => EG
                                        )

                                    [mappings:protected] => Array
                                        (
                                        )

                                    [index:PaymentPlugins\PayPalSDK\AbstractObject:private] => 
                                    [patchRequest:PaymentPlugins\PayPalSDK\AbstractObject:private] => 
                                )

                            [email_address] => mowekob742@mkurg.com
                        )

                    [mappings:protected] => Array
                        (
                        )

                    [index:PaymentPlugins\PayPalSDK\AbstractObject:private] => 
                    [patchRequest:PaymentPlugins\PayPalSDK\AbstractObject:private] => 
                )

            [purchase_units] => PaymentPlugins\PayPalSDK\Collection Object
                (
                    [_values:protected] => Array
                        (
                            [0] => PaymentPlugins\PayPalSDK\PurchaseUnit Object
                                (
                                    [_values:protected] => Array
                                        (
                                            [amount] => PaymentPlugins\PayPalSDK\Amount Object
                                                (
                                                    [_values:protected] => Array
                                                        (
                                                            [value] => 8949
                                                            [currency_code] => EGP
                                                            [breakdown] => PaymentPlugins\PayPalSDK\Breakdown Object
                                                                (
                                                                    [_values:protected] => Array
                                                                        (
                                                                            [item_total] => PaymentPlugins\PayPalSDK\Money Object
                                                                                (
                                                                                    [_values:protected] => Array
                                                                                        (
                                                                                            [currency_code] => EGP
                                                                                            [value] => 7850
                                                                                        )

                                                                                    [mappings:protected] => Array
                                                                                        (
                                                                                        )

                                                                                    [index:PaymentPlugins\PayPalSDK\AbstractObject:private] => 
                                                                                    [patchRequest:PaymentPlugins\PayPalSDK\AbstractObject:private] => 
                                                                                )

                                                                            [shipping] => PaymentPlugins\PayPalSDK\Amount Object
                                                                                (
                                                                                    [_values:protected] => Array
                                                                                        (
                                                                                            [currency_code] => EGP
                                                                                            [value] => 0
                                                                                        )

                                                                                    [mappings:protected] => Array
                                                                                        (
                                                                                        )

                                                                                    [index:PaymentPlugins\PayPalSDK\AbstractObject:private] => 
                                                                                    [patchRequest:PaymentPlugins\PayPalSDK\AbstractObject:private] => 
                                                                                )

                                                                            [tax_total] => PaymentPlugins\PayPalSDK\Money Object
                                                                                (
                                                                                    [_values:protected] => Array
                                                                                        (
                                                                                            [value] => 1099
                                                                                            [currency_code] => EGP
                                                                                        )

                                                                                    [mappings:protected] => Array
                                                                                        (
                                                                                        )

                                                                                    [index:PaymentPlugins\PayPalSDK\AbstractObject:private] => 
                                                                                    [patchRequest:PaymentPlugins\PayPalSDK\AbstractObject:private] => 
                                                                                )

                                                                            [discount] => PaymentPlugins\PayPalSDK\Money Object
                                                                                (
                                                                                    [_values:protected] => Array
                                                                                        (
                                                                                            [value] => 0
                                                                                            [currency_code] => EGP
                                                                                        )

                                                                                    [mappings:protected] => Array
                                                                                        (
                                                                                        )

                                                                                    [index:PaymentPlugins\PayPalSDK\AbstractObject:private] => 
                                                                                    [patchRequest:PaymentPlugins\PayPalSDK\AbstractObject:private] => 
                                                                                )

                                                                            [handling] => PaymentPlugins\PayPalSDK\Money Object
                                                                                (
                                                                                    [_values:protected] => Array
                                                                                        (
                                                                                            [currency_code] => EGP
                                                                                            [value] => 0
                                                                                        )

                                                                                    [mappings:protected] => Array
                                                                                        (
                                                                                        )

                                                                                    [index:PaymentPlugins\PayPalSDK\AbstractObject:private] => 
                                                                                    [patchRequest:PaymentPlugins\PayPalSDK\AbstractObject:private] => 
                                                                                )

                                                                        )

                                                                    [mappings:protected] => Array
                                                                        (
                                                                        )

                                                                    [index:PaymentPlugins\PayPalSDK\AbstractObject:private] => 
                                                                    [patchRequest:PaymentPlugins\PayPalSDK\AbstractObject:private] => 
                                                                )

                                                        )

                                                    [mappings:protected] => Array
                                                        (
                                                        )

                                                    [index:PaymentPlugins\PayPalSDK\AbstractObject:private] => 
                                                    [patchRequest:PaymentPlugins\PayPalSDK\AbstractObject:private] => 
                                                )

                                            [items] => PaymentPlugins\PayPalSDK\Collection Object
                                                (
                                                    [_values:protected] => Array
                                                        (
                                                            [0] => PaymentPlugins\PayPalSDK\Item Object
                                                                (
                                                                    [_values:protected] => Array
                                                                        (
                                                                            [name] => ACER Nitro VG0 VG240Y 24 IPS 165HZ 1MS Gaming Monitor - SKU ACER-MNT-VG240Y
                                                                            [quantity] => 1
                                                                            [unit_amount] => PaymentPlugins\PayPalSDK\Money Object
                                                                                (
                                                                                    [_values:protected] => Array
                                                                                        (
                                                                                            [currency_code] => EGP
                                                                                            [value] => 7850
                                                                                        )

                                                                                    [mappings:protected] => Array
                                                                                        (
                                                                                        )

                                                                                    [index:PaymentPlugins\PayPalSDK\AbstractObject:private] => 
                                                                                    [patchRequest:PaymentPlugins\PayPalSDK\AbstractObject:private] => 
                                                                                )

                                                                            [sku] => ACER-MNT-VG240Y
                                                                            [description] => Product ID: 89
                                                                        )

                                                                    [mappings:protected] => Array
                                                                        (
                                                                        )

                                                                    [index:PaymentPlugins\PayPalSDK\AbstractObject:private] => 
                                                                    [patchRequest:PaymentPlugins\PayPalSDK\AbstractObject:private] => 
                                                                )

                                                        )

                                                    [mappings:protected] => Array
                                                        (
                                                        )

                                                    [index:PaymentPlugins\PayPalSDK\AbstractObject:private] => 
                                                    [patchRequest:PaymentPlugins\PayPalSDK\AbstractObject:private] => 
                                                )

                                            [shipping] => PaymentPlugins\PayPalSDK\Shipping Object
                                                (
                                                    [_values:protected] => Array
                                                        (
                                                            [name] => PaymentPlugins\PayPalSDK\Name Object
                                                                (
                                                                    [_values:protected] => Array
                                                                        (
                                                                            [full_name] => amr hussien
                                                                        )

                                                                    [mappings:protected] => Array
                                                                        (
                                                                        )

                                                                    [index:PaymentPlugins\PayPalSDK\AbstractObject:private] => 
                                                                    [patchRequest:PaymentPlugins\PayPalSDK\AbstractObject:private] => 
                                                                )

                                                            [address] => PaymentPlugins\PayPalSDK\Address Object
                                                                (
                                                                    [_values:protected] => Array
                                                                        (
                                                                            [address_line_1] => 679
                                                                            [address_line_2] => 679
                                                                            [admin_area_1] => EGGZ
                                                                            [admin_area_2] => giza
                                                                            [postal_code] => 12345
                                                                            [country_code] => EG
                                                                        )

                                                                    [mappings:protected] => Array
                                                                        (
                                                                        )

                                                                    [index:PaymentPlugins\PayPalSDK\AbstractObject:private] => 
                                                                    [patchRequest:PaymentPlugins\PayPalSDK\AbstractObject:private] => 
                                                                )

                                                        )

                                                    [mappings:protected] => Array
                                                        (
                                                        )

                                                    [index:PaymentPlugins\PayPalSDK\AbstractObject:private] => 
                                                    [patchRequest:PaymentPlugins\PayPalSDK\AbstractObject:private] => 
                                                )

                                        )

                                    [mappings:protected] => Array
                                        (
                                        )

                                    [index:PaymentPlugins\PayPalSDK\AbstractObject:private] => 
                                    [patchRequest:PaymentPlugins\PayPalSDK\AbstractObject:private] => 
                                )

                        )

                    [mappings:protected] => Array
                        (
                        )

                    [index:PaymentPlugins\PayPalSDK\AbstractObject:private] => 
                    [patchRequest:PaymentPlugins\PayPalSDK\AbstractObject:private] => 
                )

            [application_context] => PaymentPlugins\PayPalSDK\OrderApplicationContext Object
                (
                    [_values:protected] => Array
                        (
                            [shipping_preference] => GET_FROM_FILE
                            [return_url] => http://localhost/e-shop/wc-api/ppcp_checkout_return/?_checkoutnonce=af377e37ec
                            [cancel_url] => http://localhost/e-shop/checkout/
                            [brand_name] => E-hardware
                        )

                    [mappings:protected] => Array
                        (
                        )

                    [index:PaymentPlugins\PayPalSDK\AbstractObject:private] => 
                    [patchRequest:PaymentPlugins\PayPalSDK\AbstractObject:private] => 
                )

        )

    [mappings:protected] => Array
        (
        )

    [index:PaymentPlugins\PayPalSDK\AbstractObject:private] => 
    [patchRequest:PaymentPlugins\PayPalSDK\AbstractObject:private] => 
)

    [error] => Array
        (
            [name] => UNPROCESSABLE_ENTITY
            [details] => Array
                (
                    [0] => Array
                        (
                            [issue] => CURRENCY_NOT_SUPPORTED
                            [description] => Currency code is not currently supported. Please refer https://developer.paypal.com/docs/integration/direct/rest/currency-codes/ for list of supported currency codes.
                        )

                )

            [message] => The requested action could not be performed, semantically incorrect, or failed business validation.
            [debug_id] => 77e31bfc94a83
            [links] => Array
                (
                    [0] => Array
                        (
                            [href] => https://developer.paypal.com/docs/api/orders/v2/#error-CURRENCY_NOT_SUPPORTED
                            [rel] => information_link
                        )

                )

        )

)

2023-11-09T11:40:56+00:00 ERROR Error creating PayPal order. Msg:Currency code is not currently supported. Please refer https://developer.paypal.com/docs/integration/direct/rest/currency-codes/ for list of supported currency codes. Params: Array
(
    [intent] => CAPTURE
    [payer] => Array
        (
            [name] => Array
                (
                    [given_name] => amr
                    [surname] => hussien
                )

            [address] => Array
                (
                    [address_line_1] => 679
                    [address_line_2] => 679
                    [admin_area_1] => EGGZ
                    [admin_area_2] => giza
                    [postal_code] => 12345
                    [country_code] => EG
                )

            [email_address] => mowekob742@mkurg.com
        )

    [purchase_units] => Array
        (
            [0] => Array
                (
                    [amount] => Array
                        (
                            [value] => 8949
                            [currency_code] => EGP
                            [breakdown] => Array
                                (
                                    [item_total] => Array
                                        (
                                            [currency_code] => EGP
                                            [value] => 7850
                                        )

                                    [shipping] => Array
                                        (
                                            [currency_code] => EGP
                                            [value] => 0
                                        )

                                    [tax_total] => Array
                                        (
                                            [value] => 1099
                                            [currency_code] => EGP
                                        )

                                    [discount] => Array
                                        (
                                            [value] => 0
                                            [currency_code] => EGP
                                        )

                                    [handling] => Array
                                        (
                                            [currency_code] => EGP
                                            [value] => 0
                                        )

                                )

                        )

                    [items] => Array
                        (
                            [0] => Array
                                (
                                    [name] => ACER Nitro VG0 VG240Y 24 IPS 165HZ 1MS Gaming Monitor - SKU ACER-MNT-VG240Y
                                    [quantity] => 1
                                    [unit_amount] => Array
                                        (
                                            [currency_code] => EGP
                                            [value] => 7850
                                        )

                                    [sku] => ACER-MNT-VG240Y
                                    [description] => Product ID: 89
                                )

                        )

                    [shipping] => Array
                        (
                            [name] => Array
                                (
                                    [full_name] => amr hussien
                                )

                            [address] => Array
                                (
                                    [address_line_1] => 679
                                    [address_line_2] => 679
                                    [admin_area_1] => EGGZ
                                    [admin_area_2] => giza
                                    [postal_code] => 12345
                                    [country_code] => EG
                                )

                        )

                )

        )

    [application_context] => Array
        (
            [shipping_preference] => GET_FROM_FILE
            [return_url] => http://localhost/e-shop/wc-api/ppcp_checkout_return/?_checkoutnonce=af377e37ec
            [cancel_url] => http://localhost/e-shop/checkout/
            [brand_name] => E-hardware
        )

)

